<?xml version="1.0" encoding="UTF-8"?>
<testng-results ignored="0" total="1" passed="1" failed="0" skipped="0">
  <reporter-output>
  </reporter-output>
  <suite started-at="2019-12-17T02:15:44Z" name="Default suite" finished-at="2019-12-17T02:15:44Z" duration-ms="45">
    <groups>
    </groups>
    <test started-at="2019-12-17T02:15:44Z" name="Default test" finished-at="2019-12-17T02:15:44Z" duration-ms="45">
      <class name="Lambda">
        <test-method signature="setUp()[pri:0, instance:Lambda@20d3d15a]" started-at="2019-12-17T02:15:44Z" name="setUp" finished-at="2019-12-17T02:15:44Z" duration-ms="16" status="PASS">
          <reporter-output>
          </reporter-output>
        </test-method> <!-- setUp -->
      </class> <!-- Lambda -->
    </test> <!-- Default test -->
  </suite> <!-- Default suite -->
</testng-results>
